<?xml version="1.0" encoding="UTF-8"?>
<!-- Generated by org.testng.reporters.JUnitXMLReporter -->
<testsuite ignored="0" hostname="facaedaeecdefddfddddfcfdabdafecefecf-0" failures="4" tests="4" name="Surefire test" time="6.597" errors="0" timestamp="2023-08-07T07:27:39 UTC">
  <testcase classname="com.examly.springapp.SpringApplicationTests" name="backPage" time="0.094">
    <failure type="java.lang.AssertionError" message="expected [Learning and assessment solution for Universities and Enterprises] but found []">
      <![CDATA[java.lang.AssertionError: expected [Learning and assessment solution for Universities and Enterprises] but found []
at com.examly.springapp.SpringApplicationTests.backPage(SpringApplicationTests.java:48)
at java.base/java.util.ArrayList.forEach(ArrayList.java:1541)
... Removed 38 stack frames]]>
    </failure>
  </testcase> <!-- backPage -->
  <testcase classname="com.examly.springapp.SpringApplicationTests" name="currentURL" time="0.037">
    <failure type="java.lang.AssertionError" message="expected [] but found [data:,]">
      <![CDATA[java.lang.AssertionError: expected [] but found [data:,]
at com.examly.springapp.SpringApplicationTests.currentURL(SpringApplicationTests.java:57)
at java.base/java.util.ArrayList.forEach(ArrayList.java:1541)
... Removed 38 stack frames]]>
    </failure>
  </testcase> <!-- currentURL -->
  <testcase classname="com.examly.springapp.SpringApplicationTests" name="iamNeo" time="3.975">
    <failure type="java.lang.AssertionError" message="expected [Learning and assessment solution for Universities and Enterprises] but found [Home - iamneo]">
      <![CDATA[java.lang.AssertionError: expected [Learning and assessment solution for Universities and Enterprises] but found [Home - iamneo]
at com.examly.springapp.SpringApplicationTests.iamNeo(SpringApplicationTests.java:31)
at java.base/java.util.ArrayList.forEach(ArrayList.java:1541)
... Removed 38 stack frames]]>
    </failure>
  </testcase> <!-- iamNeo -->
  <testcase classname="com.examly.springapp.SpringApplicationTests" name="nextPage" time="0.52">
    <failure type="java.lang.AssertionError" message="expected [Facebook â€“ log in or sign up] but found [Facebook - log in or sign up]">
      <![CDATA[java.lang.AssertionError: expected [Facebook â€“ log in or sign up] but found [Facebook - log in or sign up]
at com.examly.springapp.SpringApplicationTests.nextPage(SpringApplicationTests.java:39)
at java.base/java.util.ArrayList.forEach(ArrayList.java:1541)
... Removed 38 stack frames]]>
    </failure>
  </testcase> <!-- nextPage -->
</testsuite> <!-- Surefire test -->
